
> dribdoweb@0.1.0 dev
> next dev

▲ Next.js 16.1.6 (Turbopack)
- Local:         http://localhost:3000
- Network:       http://192.168.163.130:3000
- Environments: .env.local

✓ Starting...
Creating turbopack project { dir: 'C:\\Project-Web\\DexardWeb', testMode: true }
Failed to benchmark file I/O: The system cannot find the path specified. (os error 3)
✓ Ready in 2.8s
○ Compiling / ...
 GET / 200 in 13.8s (compile: 11.1s, render: 2.7s)
 GET / 200 in 3.2s (compile: 214ms, render: 3.0s)
 GET /api/videos/142f2d2a-1ca6-4efb-94a9-a9865f8c00fd/save 200 in 4.9s (compile: 4.8s, render: 91ms)
 GET /api/videos/3df12c3a-a70c-4d38-89f1-83d79ded8ac6/save 200 in 4.8s (compile: 4.7s, render: 90ms)
 GET /api/videos/9a9f2c6b-b892-46e4-b6a9-d6321cb73e16/save 200 in 4.8s (compile: 4.8s, render: 90ms)
 GET /api/videos/3c14fe36-ef3d-4947-a1aa-db29468966c5/save 200 in 4.8s (compile: 4.7s, render: 90ms)
 GET /api/videos/73dcd2b2-9c50-4d4c-b87d-f1ba7c0d03ca/save 200 in 4.8s (compile: 4.8s, render: 90ms)
 GET /api/channels/said/block 200 in 5.4s (compile: 4.9s, render: 528ms)
 GET /api/channels/said/block 200 in 239ms (compile: 23ms, render: 217ms)
 GET /api/channels/said/block 200 in 162ms (compile: 6ms, render: 156ms)
 GET /api/channels/said/block 200 in 165ms (compile: 6ms, render: 159ms)
 GET /api/channels/said/block 200 in 206ms (compile: 4ms, render: 202ms)
