
> dribdoweb@0.1.0 dev
> next dev --webpack

▲ Next.js 16.1.6 (webpack)
- Local:         http://localhost:3000
- Network:       http://192.168.203.130:3000
- Environments: .env.local

✓ Starting...
✓ Ready in 9.1s
○ Compiling / ...
 GET / 200 in 1974ms (compile: 16ms, render: 1958ms)
 GET / 200 in 3.1s (compile: 166ms, render: 3.0s)
 GET / 200 in 4.6s (compile: 69ms, render: 4.5s)
 GET / 200 in 965ms (compile: 231ms, render: 734ms)
 GET / 200 in 158ms (compile: 13ms, render: 145ms)
 GET / 200 in 1204ms (compile: 326ms, render: 877ms)
 GET / 200 in 170ms (compile: 10ms, render: 160ms)
 GET / 200 in 1062ms (compile: 278ms, render: 785ms)
 GET / 200 in 267ms (compile: 81ms, render: 186ms)
 GET / 200 in 650ms (compile: 193ms, render: 457ms)
 GET / 200 in 149ms (compile: 16ms, render: 133ms)
 GET / 200 in 900ms (compile: 242ms, render: 658ms)
 GET / 200 in 133ms (compile: 12ms, render: 121ms)
 GET / 200 in 860ms (compile: 202ms, render: 659ms)
 GET / 200 in 130ms (compile: 15ms, render: 116ms)
 GET / 200 in 1347ms (compile: 551ms, render: 797ms)
 GET / 200 in 211ms (compile: 21ms, render: 191ms)
 GET / 200 in 3.9s (compile: 859ms, render: 3.0s)
 GET / 200 in 230ms (compile: 13ms, render: 217ms)
 GET / 200 in 1013ms (compile: 212ms, render: 801ms)
 GET / 200 in 229ms (compile: 20ms, render: 209ms)
 GET / 200 in 816ms (compile: 146ms, render: 670ms)
 GET / 200 in 260ms (compile: 23ms, render: 237ms)
 GET /?filter=trending 200 in 2.5s (compile: 8ms, render: 2.5s)
 GET /?filter=latest 200 in 1280ms (compile: 9ms, render: 1271ms)
 GET /?filter=latest 200 in 326ms (compile: 29ms, render: 297ms)
 GET /?filter=latest 200 in 834ms (compile: 378ms, render: 455ms)
 GET /?filter=latest 200 in 482ms (compile: 45ms, render: 438ms)
 GET /?filter=latest 200 in 168ms (compile: 13ms, render: 155ms)
 GET /?filter=latest 200 in 483ms (compile: 18ms, render: 465ms)
 GET /?filter=latest 200 in 253ms (compile: 26ms, render: 227ms)
 GET /?filter=latest 200 in 1467ms (compile: 722ms, render: 745ms)
 GET /?filter=latest 200 in 162ms (compile: 12ms, render: 149ms)
 GET /api/videos?page=1&filter=latest 200 in 5.1s (compile: 2.9s, render: 2.3s)
 GET /?filter=latest 200 in 3.0s (compile: 192ms, render: 2.8s)
 GET /?filter=latest 200 in 8.5s (compile: 46ms, render: 8.5s)
 GET /?filter=latest 200 in 4.0s (compile: 13ms, render: 4.0s)
 GET /?filter=latest 200 in 514ms (compile: 31ms, render: 482ms)
 GET /?filter=latest 200 in 1298ms (compile: 11ms, render: 1287ms)
