⚠ Port 3000 is in use by an unknown process, using available port 3001 instead.
⨯ SyntaxError: Unexpected end of JSON input
    at JSON.parse (<anonymous>) {
  page: '/'
}
⨯ ./src/app/watch/[id]/page.js
Error: 

Caused by:
    0: Failed to read source code from C:\D - Project-Web\Dexard-Web\src\app\watch\[id]\page.js
    1: stream did not contain valid UTF-8

Import trace for requested module:
./src/app/watch/[id]/page.js
⨯ ./src/app/watch/[id]/page.js
Error: 

Caused by:
    0: Failed to read source code from C:\D - Project-Web\Dexard-Web\src\app\watch\[id]\page.js
    1: stream did not contain valid UTF-8

Import trace for requested module:
./src/app/watch/[id]/page.js
⨯ ./src/app/watch/[id]/page.js
Error: 

Caused by:
    0: Failed to read source code from C:\D - Project-Web\Dexard-Web\src\app\watch\[id]\page.js
    1: stream did not contain valid UTF-8

Import trace for requested module:
./src/app/watch/[id]/page.js
⚠ Fast Refresh had to perform a full reload. Read more: https://nextjs.org/docs/messages/fast-refresh-reload
⚠ Fast Refresh had to perform a full reload. Read more: https://nextjs.org/docs/messages/fast-refresh-reload
⚠ Fast Refresh had to perform a full reload. Read more: https://nextjs.org/docs/messages/fast-refresh-reload
⚠ Fast Refresh had to perform a full reload. Read more: https://nextjs.org/docs/messages/fast-refresh-reload
⨯ ./src/app/watch/[id]/page.js
Error: 

Caused by:
    0: Failed to read source code from C:\D - Project-Web\Dexard-Web\src\app\watch\[id]\page.js
    1: stream did not contain valid UTF-8

Import trace for requested module:
./src/app/watch/[id]/page.js
⚠ Fast Refresh had to perform a full reload. Read more: https://nextjs.org/docs/messages/fast-refresh-reload
⚠ Fast Refresh had to perform a full reload. Read more: https://nextjs.org/docs/messages/fast-refresh-reload
⚠ Fast Refresh had to perform a full reload. Read more: https://nextjs.org/docs/messages/fast-refresh-reload
⚠ Fast Refresh had to perform a full reload. Read more: https://nextjs.org/docs/messages/fast-refresh-reload
⚠ Fast Refresh had to perform a full reload. Read more: https://nextjs.org/docs/messages/fast-refresh-reload
⨯ SyntaxError: Unexpected end of JSON input
    at JSON.parse (<anonymous>) {
  page: '/'
}
⚠ Fast Refresh had to perform a full reload. Read more: https://nextjs.org/docs/messages/fast-refresh-reload
⚠ Fast Refresh had to perform a full reload. Read more: https://nextjs.org/docs/messages/fast-refresh-reload
⚠ Fast Refresh had to perform a full reload. Read more: https://nextjs.org/docs/messages/fast-refresh-reload
⚠ Fast Refresh had to perform a full reload. Read more: https://nextjs.org/docs/messages/fast-refresh-reload
⚠ Fast Refresh had to perform a full reload. Read more: https://nextjs.org/docs/messages/fast-refresh-reload
⚠ Fast Refresh had to perform a full reload. Read more: https://nextjs.org/docs/messages/fast-refresh-reload
⚠ Fast Refresh had to perform a full reload. Read more: https://nextjs.org/docs/messages/fast-refresh-reload
⚠ Fast Refresh had to perform a full reload. Read more: https://nextjs.org/docs/messages/fast-refresh-reload
⚠ Fast Refresh had to perform a full reload. Read more: https://nextjs.org/docs/messages/fast-refresh-reload
